2024-07-05 10:50:07.578 [background-preinit] INFO  org.hibernate.validator.internal.util.Version - HV000001: Hibernate Validator 8.0.1.Final
2024-07-05 10:50:07.633 [main] INFO  com.example.demo.DemoApplication - Starting DemoApplication using Java 22.0.1 with PID 26800 (C:\Users\ASUS\Documents\Projects\demo\target\classes started by ASUS in C:\Users\ASUS\Documents\Projects\demo)
2024-07-05 10:50:07.637 [main] INFO  com.example.demo.DemoApplication - No active profile set, falling back to 1 default profile: "default"
2024-07-05 10:50:08.460 [main] INFO  org.springframework.data.repository.config.RepositoryConfigurationDelegate - Bootstrapping Spring Data JPA repositories in DEFAULT mode.
2024-07-05 10:50:08.539 [main] INFO  org.springframework.data.repository.config.RepositoryConfigurationDelegate - Finished Spring Data repository scanning in 70 ms. Found 1 JPA repository interface.
2024-07-05 10:50:09.161 [main] INFO  org.springframework.boot.web.embedded.tomcat.TomcatWebServer - Tomcat initialized with port 8080 (http)
2024-07-05 10:50:09.215 [main] INFO  org.apache.coyote.http11.Http11NioProtocol - Initializing ProtocolHandler ["http-nio-8080"]
2024-07-05 10:50:09.217 [main] INFO  org.apache.catalina.core.StandardService - Starting service [Tomcat]
2024-07-05 10:50:09.217 [main] INFO  org.apache.catalina.core.StandardEngine - Starting Servlet engine: [Apache Tomcat/10.1.25]
2024-07-05 10:50:09.297 [main] INFO  org.apache.catalina.core.ContainerBase.[Tomcat].[localhost].[/] - Initializing Spring embedded WebApplicationContext
2024-07-05 10:50:09.297 [main] INFO  org.springframework.boot.web.servlet.context.ServletWebServerApplicationContext - Root WebApplicationContext: initialization completed in 1607 ms
2024-07-05 10:50:09.511 [main] INFO  org.hibernate.jpa.internal.util.LogHelper - HHH000204: Processing PersistenceUnitInfo [name: default]
2024-07-05 10:50:09.624 [main] INFO  org.hibernate.Version - HHH000412: Hibernate ORM core version 6.5.2.Final
2024-07-05 10:50:09.689 [main] INFO  org.hibernate.cache.internal.RegionFactoryInitiator - HHH000026: Second-level cache disabled
2024-07-05 10:50:10.198 [main] INFO  org.springframework.orm.jpa.persistenceunit.SpringPersistenceUnitInfo - No LoadTimeWeaver setup: ignoring JPA class transformer
2024-07-05 10:50:10.246 [main] INFO  com.zaxxer.hikari.HikariDataSource - HikariPool-1 - Starting...
2024-07-05 10:50:10.450 [main] INFO  com.zaxxer.hikari.pool.HikariPool - HikariPool-1 - Added connection com.mysql.cj.jdbc.ConnectionImpl@340c57e0
2024-07-05 10:50:10.452 [main] INFO  com.zaxxer.hikari.HikariDataSource - HikariPool-1 - Start completed.
2024-07-05 10:50:10.536 [main] WARN  org.hibernate.dialect.Dialect - HHH000511: The 5.7.17 version for [org.hibernate.dialect.MySQLDialect] is no longer supported, hence certain features may not work properly. The minimum supported version is 8.0.0. Check the community dialects project for available legacy versions.
2024-07-05 10:50:11.609 [main] INFO  org.hibernate.engine.transaction.jta.platform.internal.JtaPlatformInitiator - HHH000489: No JTA platform available (set 'hibernate.transaction.jta.platform' to enable JTA platform integration)
2024-07-05 10:50:11.674 [main] INFO  org.springframework.orm.jpa.LocalContainerEntityManagerFactoryBean - Initialized JPA EntityManagerFactory for persistence unit 'default'
2024-07-05 10:50:12.071 [main] WARN  org.springframework.boot.autoconfigure.orm.jpa.JpaBaseConfiguration$JpaWebConfiguration - spring.jpa.open-in-view is enabled by default. Therefore, database queries may be performed during view rendering. Explicitly configure spring.jpa.open-in-view to disable this warning
2024-07-05 10:50:12.102 [main] INFO  org.springframework.boot.autoconfigure.web.servlet.WelcomePageHandlerMapping - Adding welcome page template: index
2024-07-05 10:50:12.175 [main] DEBUG org.springframework.web.servlet.mvc.method.annotation.RequestMappingHandlerMapping - 7 mappings in 'requestMappingHandlerMapping'
2024-07-05 10:50:12.270 [main] DEBUG org.springframework.web.servlet.handler.SimpleUrlHandlerMapping - Patterns [/webjars/**, /**] in 'resourceHandlerMapping'
2024-07-05 10:50:12.308 [main] DEBUG org.springframework.web.servlet.mvc.method.annotation.RequestMappingHandlerAdapter - ControllerAdvice beans: 0 @ModelAttribute, 0 @InitBinder, 1 RequestBodyAdvice, 1 ResponseBodyAdvice
2024-07-05 10:50:12.348 [main] DEBUG org.springframework.web.servlet.mvc.method.annotation.ExceptionHandlerExceptionResolver - ControllerAdvice beans: 0 @ExceptionHandler, 1 ResponseBodyAdvice
2024-07-05 10:50:12.502 [main] INFO  org.apache.coyote.http11.Http11NioProtocol - Starting ProtocolHandler ["http-nio-8080"]
2024-07-05 10:50:12.524 [main] INFO  org.springframework.boot.web.embedded.tomcat.TomcatWebServer - Tomcat started on port 8080 (http) with context path '/'
2024-07-05 10:50:12.532 [main] INFO  com.example.demo.DemoApplication - Started DemoApplication in 5.413 seconds (process running for 7.029)
2024-07-05 10:50:25.957 [http-nio-8080-exec-1] INFO  org.apache.catalina.core.ContainerBase.[Tomcat].[localhost].[/] - Initializing Spring DispatcherServlet 'dispatcherServlet'
2024-07-05 10:50:25.958 [http-nio-8080-exec-1] INFO  org.springframework.web.servlet.DispatcherServlet - Initializing Servlet 'dispatcherServlet'
2024-07-05 10:50:25.958 [http-nio-8080-exec-1] DEBUG org.springframework.web.servlet.DispatcherServlet - Detected StandardServletMultipartResolver
2024-07-05 10:50:25.958 [http-nio-8080-exec-1] DEBUG org.springframework.web.servlet.DispatcherServlet - Detected AcceptHeaderLocaleResolver
2024-07-05 10:50:25.958 [http-nio-8080-exec-1] DEBUG org.springframework.web.servlet.DispatcherServlet - Detected FixedThemeResolver
2024-07-05 10:50:25.959 [http-nio-8080-exec-1] DEBUG org.springframework.web.servlet.DispatcherServlet - Detected org.springframework.web.servlet.view.DefaultRequestToViewNameTranslator@7acf07b2
2024-07-05 10:50:25.959 [http-nio-8080-exec-1] DEBUG org.springframework.web.servlet.DispatcherServlet - Detected org.springframework.web.servlet.support.SessionFlashMapManager@3a1e5fa7
2024-07-05 10:50:25.960 [http-nio-8080-exec-1] DEBUG org.springframework.web.servlet.DispatcherServlet - enableLoggingRequestDetails='false': request parameters and headers will be masked to prevent unsafe logging of potentially sensitive data
2024-07-05 10:50:25.960 [http-nio-8080-exec-1] INFO  org.springframework.web.servlet.DispatcherServlet - Completed initialization in 2 ms
2024-07-05 10:50:25.969 [http-nio-8080-exec-1] DEBUG org.springframework.web.servlet.DispatcherServlet - GET "/signup", parameters={}
2024-07-05 10:50:25.981 [http-nio-8080-exec-1] DEBUG org.springframework.web.servlet.mvc.method.annotation.RequestMappingHandlerMapping - Mapped to com.example.demo.controllers.UsersController#signUp(Model)
2024-07-05 10:50:26.018 [http-nio-8080-exec-1] DEBUG org.springframework.web.servlet.view.ContentNegotiatingViewResolver - Selected 'text/html' given [text/html, application/xhtml+xml, image/avif, image/webp, image/apng, application/xml;q=0.9, */*;q=0.8, application/signed-exchange;v=b3;q=0.7]
2024-07-05 10:50:26.326 [http-nio-8080-exec-1] DEBUG org.springframework.web.servlet.DispatcherServlet - Completed 200 OK
2024-07-05 10:50:26.423 [http-nio-8080-exec-3] DEBUG org.springframework.web.servlet.DispatcherServlet - GET "/static1/css/sign.css", parameters={}
2024-07-05 10:50:26.426 [http-nio-8080-exec-3] DEBUG org.springframework.web.servlet.handler.SimpleUrlHandlerMapping - Mapped to ResourceHttpRequestHandler [classpath [META-INF/resources/], classpath [resources/], classpath [static/], classpath [public/], ServletContext [/]]
2024-07-05 10:50:26.430 [http-nio-8080-exec-3] DEBUG org.springframework.web.servlet.resource.ResourceHttpRequestHandler - Resource not found
2024-07-05 10:50:26.450 [http-nio-8080-exec-3] DEBUG org.springframework.web.servlet.mvc.support.DefaultHandlerExceptionResolver - Resolved [org.springframework.web.servlet.resource.NoResourceFoundException: No static resource static1/css/sign.css.]
2024-07-05 10:50:26.450 [http-nio-8080-exec-3] DEBUG org.springframework.web.servlet.DispatcherServlet - Completed 404 NOT_FOUND
2024-07-05 10:50:26.476 [http-nio-8080-exec-3] DEBUG org.springframework.web.servlet.DispatcherServlet - "ERROR" dispatch for GET "/error", parameters={}
2024-07-05 10:50:26.477 [http-nio-8080-exec-3] DEBUG org.springframework.web.servlet.mvc.method.annotation.RequestMappingHandlerMapping - Mapped to com.example.demo.controllers.MyErrorController#handleError(HttpServletRequest)
2024-07-05 10:50:26.482 [http-nio-8080-exec-3] DEBUG org.springframework.web.servlet.view.ContentNegotiatingViewResolver - Selected '*/*' given [text/css, */*;q=0.1]
2024-07-05 10:50:26.489 [http-nio-8080-exec-3] DEBUG org.springframework.web.servlet.DispatcherServlet - Exiting from "ERROR" dispatch, status 404
2024-07-05 10:51:08.726 [http-nio-8080-exec-6] DEBUG org.springframework.web.servlet.DispatcherServlet - POST "/signup", parameters={masked}
2024-07-05 10:51:08.726 [http-nio-8080-exec-6] DEBUG org.springframework.web.servlet.mvc.method.annotation.RequestMappingHandlerMapping - Mapped to com.example.demo.controllers.UsersController#processSignUp(Users, BindingResult)
2024-07-05 10:51:09.071 [http-nio-8080-exec-6] DEBUG org.springframework.web.servlet.view.RedirectView - View name 'redirect:', model {}
2024-07-05 10:51:09.072 [http-nio-8080-exec-6] DEBUG org.springframework.web.servlet.DispatcherServlet - Completed 302 FOUND
2024-07-05 10:51:09.079 [http-nio-8080-exec-5] DEBUG org.springframework.web.servlet.DispatcherServlet - GET "/signin", parameters={}
2024-07-05 10:51:09.079 [http-nio-8080-exec-5] DEBUG org.springframework.web.servlet.mvc.method.annotation.RequestMappingHandlerMapping - Mapped to com.example.demo.controllers.UsersController#signIn(Model)
2024-07-05 10:51:09.081 [http-nio-8080-exec-5] DEBUG org.springframework.web.servlet.view.ContentNegotiatingViewResolver - Selected 'text/html' given [text/html, application/xhtml+xml, image/avif, image/webp, image/apng, application/xml;q=0.9, */*;q=0.8, application/signed-exchange;v=b3;q=0.7]
2024-07-05 10:51:09.085 [http-nio-8080-exec-5] DEBUG org.springframework.web.servlet.DispatcherServlet - Completed 200 OK
2024-07-05 10:51:16.924 [http-nio-8080-exec-9] DEBUG org.springframework.web.servlet.DispatcherServlet - POST "/signin", parameters={masked}
2024-07-05 10:51:16.925 [http-nio-8080-exec-9] DEBUG org.springframework.web.servlet.mvc.method.annotation.RequestMappingHandlerMapping - Mapped to com.example.demo.controllers.UsersController#processSignIn(Users, BindingResult, HttpSession)
2024-07-05 10:51:17.042 [http-nio-8080-exec-9] INFO  com.example.demo.controllers.UsersController - Redirecting user to /apppage
2024-07-05 10:51:17.043 [http-nio-8080-exec-9] DEBUG org.springframework.web.servlet.view.RedirectView - View name 'redirect:', model {}
2024-07-05 10:51:17.043 [http-nio-8080-exec-9] DEBUG org.springframework.web.servlet.DispatcherServlet - Completed 302 FOUND
2024-07-05 10:51:17.050 [http-nio-8080-exec-10] DEBUG org.springframework.web.servlet.DispatcherServlet - GET "/apppage", parameters={}
2024-07-05 10:51:17.050 [http-nio-8080-exec-10] DEBUG org.springframework.web.servlet.handler.SimpleUrlHandlerMapping - Mapped to ResourceHttpRequestHandler [classpath [META-INF/resources/], classpath [resources/], classpath [static/], classpath [public/], ServletContext [/]]
2024-07-05 10:51:17.052 [http-nio-8080-exec-10] DEBUG org.springframework.web.servlet.resource.ResourceHttpRequestHandler - Resource not found
2024-07-05 10:51:17.053 [http-nio-8080-exec-10] DEBUG org.springframework.web.servlet.mvc.support.DefaultHandlerExceptionResolver - Resolved [org.springframework.web.servlet.resource.NoResourceFoundException: No static resource apppage.]
2024-07-05 10:51:17.053 [http-nio-8080-exec-10] DEBUG org.springframework.web.servlet.DispatcherServlet - Completed 404 NOT_FOUND
2024-07-05 10:51:17.053 [http-nio-8080-exec-10] DEBUG org.springframework.web.servlet.DispatcherServlet - "ERROR" dispatch for GET "/error", parameters={}
2024-07-05 10:51:17.054 [http-nio-8080-exec-10] DEBUG org.springframework.web.servlet.mvc.method.annotation.RequestMappingHandlerMapping - Mapped to com.example.demo.controllers.MyErrorController#handleError(HttpServletRequest)
2024-07-05 10:51:17.055 [http-nio-8080-exec-10] DEBUG org.springframework.web.servlet.view.ContentNegotiatingViewResolver - Selected 'text/html' given [text/html, application/xhtml+xml, image/avif, image/webp, image/apng, application/xml;q=0.9, */*;q=0.8, application/signed-exchange;v=b3;q=0.7]
2024-07-05 10:51:17.056 [http-nio-8080-exec-10] DEBUG org.springframework.web.servlet.DispatcherServlet - Exiting from "ERROR" dispatch, status 404
2024-07-05 10:53:30.691 [SpringApplicationShutdownHook] INFO  org.springframework.orm.jpa.LocalContainerEntityManagerFactoryBean - Closing JPA EntityManagerFactory for persistence unit 'default'
2024-07-05 10:53:30.698 [SpringApplicationShutdownHook] INFO  com.zaxxer.hikari.HikariDataSource - HikariPool-1 - Shutdown initiated...
2024-07-05 10:53:30.714 [SpringApplicationShutdownHook] INFO  com.zaxxer.hikari.HikariDataSource - HikariPool-1 - Shutdown completed.
